0 info it worked if it ends with ok
1 verbose cli [ '/usr/local/bin/node',
1 verbose cli   '/usr/local/bin/npm',
1 verbose cli   'install',
1 verbose cli   'node-waf' ]
2 info using npm@1.2.14
3 info using node@v0.8.22
4 verbose read json /home/pi/sousvide/package.json
5 error Error: Invalid name: "Sous Vide"
5 error     at validName (/usr/local/lib/node_modules/npm/node_modules/read-package-json/read-json.js:569:40)
5 error     at final (/usr/local/lib/node_modules/npm/node_modules/read-package-json/read-json.js:340:27)
5 error     at /usr/local/lib/node_modules/npm/node_modules/read-package-json/read-json.js:140:33
5 error     at cb (/usr/local/lib/node_modules/npm/node_modules/slide/lib/async-map.js:48:11)
5 error     at /usr/local/lib/node_modules/npm/node_modules/read-package-json/read-json.js:320:48
5 error     at fs.js:117:20
5 error     at Object.oncomplete (fs.js:297:15)
6 error If you need help, you may report this log at:
6 error     <http://github.com/isaacs/npm/issues>
6 error or email it to:
6 error     <npm-@googlegroups.com>
7 error System Linux 3.6.11+
8 error command "/usr/local/bin/node" "/usr/local/bin/npm" "install" "node-waf"
9 error cwd /home/pi/sousvide/ext/npi
10 error node -v v0.8.22
11 error npm -v 1.2.14
12 verbose exit [ 1, true ]
